02-04-2025 20:40:42 INFO  [main] LogGenerate:9 - User name Entered
02-04-2025 20:40:42 INFO  [main] LogGenerate:9 - Password is provided
02-04-2025 20:40:42 INFO  [main] LogGenerate:17 - Credentials is entered
02-04-2025 20:40:42 INFO  [main] LogGenerate:18 - i am here
02-04-2025 20:40:42 INFO  [main] LogGenerate:9 - This is customize method
02-04-2025 20:41:26 INFO  [main] LogGenerate:9 - User name Entered
02-04-2025 20:41:26 INFO  [main] LogGenerate:9 - Password is provided
02-04-2025 20:41:26 INFO  [main] LogGenerate:17 - Credentials is entered
02-04-2025 20:41:26 INFO  [main] LogGenerate:18 - i am here
02-04-2025 20:41:26 INFO  [main] LogGenerate:9 - This is customize method
02-04-2025 20:42:24 INFO  [main] LogGenerate:9 - This is new method
02-04-2025 20:42:24 INFO  [main] LogGenerate:9 - Password is provided
02-04-2025 21:13:59 INFO  [main] LogGenerate:9 - This is new method
02-04-2025 21:13:59 INFO  [main] LogGenerate:9 - Password is provided
02-04-2025 21:16:29 INFO  [main] LogGenerate:9 - This is new method
02-04-2025 21:16:29 INFO  [main] LogGenerate:9 - Password is provided
02-04-2025 21:22:31 INFO  [main] LogGenerate:28 - Result is found : Member Login
02-04-2025 21:24:43 INFO  [main] LogGenerate:9 - Result is found : 
02-04-2025 21:28:40 INFO  [main] LogGenerate:9 - Result is found : 
02-04-2025 21:28:40 INFO  [main] LogGenerate:9 - This is new method
02-04-2025 21:28:40 INFO  [main] LogGenerate:9 - Password is provided
02-04-2025 21:29:51 INFO  [main] LogGenerate:9 - Result is found : Member Login
02-04-2025 21:29:51 INFO  [main] LogGenerate:9 - This is new method
02-04-2025 21:29:51 INFO  [main] LogGenerate:9 - Password is provided
02-04-2025 21:33:29 INFO  [main] LogGenerate:9 - Result is found : Member Login
02-04-2025 21:36:02 INFO  [main] LogGenerate:9 - Result is found : 
02-04-2025 21:38:57 INFO  [main] LogGenerate:9 - Result is found : 
02-04-2025 21:41:16 INFO  [main] LogGenerate:9 - Result is found : 
02-04-2025 21:42:34 INFO  [main] LogGenerate:9 - Result is found : 
02-04-2025 21:55:41 INFO  [main] LogGenerate:9 - Member Login is verified : 
02-04-2025 21:55:41 INFO  [main] LogGenerate:9 - This is new method
02-04-2025 21:55:41 INFO  [main] LogGenerate:9 - Password is provided
02-04-2025 22:18:48 INFO  [main] LogGenerate:9 - This is new method
02-04-2025 22:18:48 INFO  [main] LogGenerate:9 - Password is provided
02-04-2025 22:22:13 INFO  [main] LogGenerate:9 - This is new method
02-04-2025 22:22:13 INFO  [main] LogGenerate:9 - Password is provided
02-04-2025 22:23:49 INFO  [main] LogGenerate:9 - This is new method
02-04-2025 22:23:49 INFO  [main] LogGenerate:9 - Password is provided
02-04-2025 22:27:24 INFO  [main] LogGenerate:9 - This is new method
02-04-2025 22:27:24 INFO  [main] LogGenerate:9 - Password is provided
02-04-2025 22:53:33 INFO  [main] LogGenerate:9 - Member Login is verified : 
02-07-2025 17:34:41 INFO  [TestNG-tests-1] LogGenerate:9 - Member Login is verified : 
02-10-2025 20:01:21 INFO  [TestNG-tests-1] LogGenerate:9 - Member Login is verified : 
02-10-2025 20:07:46 INFO  [TestNG-tests-1] LogGenerate:9 - This is new method
02-10-2025 20:07:46 INFO  [TestNG-tests-1] LogGenerate:9 - Password is provided
02-10-2025 20:07:47 INFO  [TestNG-tests-1] LogGenerate:9 - Member Login is verified : 
02-10-2025 20:14:54 INFO  [TestNG-tests-1] LogGenerate:9 - This is new method
02-10-2025 20:14:54 INFO  [TestNG-tests-1] LogGenerate:9 - Password is provided
02-10-2025 20:14:54 INFO  [TestNG-tests-1] LogGenerate:9 - Member Login is verified : 
02-10-2025 21:07:28 INFO  [TestNG-tests-1] LogGenerate:9 - This is new method
02-10-2025 21:07:28 INFO  [TestNG-tests-1] LogGenerate:9 - Password is provided
02-11-2025 16:26:41 INFO  [main] LogGenerate:9 - This is new method
02-11-2025 16:26:41 INFO  [main] LogGenerate:9 - Password is provided
02-11-2025 16:27:50 INFO  [main] LogGenerate:9 - This is new method
02-11-2025 16:27:50 INFO  [main] LogGenerate:9 - Password is provided
02-11-2025 16:27:51 INFO  [main] LogGenerate:9 - Member Login is verified : 
02-11-2025 20:01:34 INFO  [main] LogGenerate:9 - This is new method
02-11-2025 20:01:34 INFO  [main] LogGenerate:9 - Password is provided
02-11-2025 20:11:04 INFO  [main] LogGenerate:9 - This is new method
02-11-2025 20:11:04 INFO  [main] LogGenerate:9 - Password is provided
02-12-2025 21:06:00 INFO  [main] LogGenerate:9 - Can not find Excel file
02-12-2025 21:07:22 INFO  [main] LogGenerate:9 - Can not find Excel file
02-12-2025 21:09:21 DEBUG [main] PackageRelationshipCollection:307 - Parsing relationship: /xl/_rels/workbook.xml.rels
02-12-2025 21:09:21 DEBUG [main] PackageRelationshipCollection:307 - Parsing relationship: /xl/worksheets/_rels/sheet1.xml.rels
02-12-2025 21:09:21 DEBUG [main] PackageRelationshipCollection:307 - Parsing relationship: /_rels/.rels
02-12-2025 21:09:21 DEBUG [main] POIXMLFactory:65 - using default POIXMLDocumentPart for http://schemas.openxmlformats.org/officeDocument/2006/relationships/printerSettings
02-12-2025 21:09:21 INFO  [main] LogGenerate:9 - Excel file is opened
02-12-2025 21:10:58 DEBUG [main] PackageRelationshipCollection:307 - Parsing relationship: /xl/_rels/workbook.xml.rels
02-12-2025 21:10:58 DEBUG [main] PackageRelationshipCollection:307 - Parsing relationship: /xl/worksheets/_rels/sheet1.xml.rels
02-12-2025 21:10:58 DEBUG [main] PackageRelationshipCollection:307 - Parsing relationship: /_rels/.rels
02-12-2025 21:10:59 DEBUG [main] POIXMLFactory:65 - using default POIXMLDocumentPart for http://schemas.openxmlformats.org/officeDocument/2006/relationships/printerSettings
02-12-2025 21:10:59 INFO  [main] LogGenerate:9 - Excel file is opened
02-12-2025 21:15:46 DEBUG [main] PackageRelationshipCollection:307 - Parsing relationship: /xl/_rels/workbook.xml.rels
02-12-2025 21:15:46 DEBUG [main] PackageRelationshipCollection:307 - Parsing relationship: /xl/worksheets/_rels/sheet1.xml.rels
02-12-2025 21:15:46 DEBUG [main] PackageRelationshipCollection:307 - Parsing relationship: /_rels/.rels
02-12-2025 21:15:46 DEBUG [main] POIXMLFactory:65 - using default POIXMLDocumentPart for http://schemas.openxmlformats.org/officeDocument/2006/relationships/printerSettings
02-12-2025 21:15:46 INFO  [main] LogGenerate:9 - Excel file is opened
02-12-2025 21:31:30 DEBUG [main] PackageRelationshipCollection:307 - Parsing relationship: /xl/_rels/workbook.xml.rels
02-12-2025 21:31:30 DEBUG [main] PackageRelationshipCollection:307 - Parsing relationship: /xl/worksheets/_rels/sheet1.xml.rels
02-12-2025 21:31:30 DEBUG [main] PackageRelationshipCollection:307 - Parsing relationship: /_rels/.rels
02-12-2025 21:31:30 DEBUG [main] POIXMLFactory:65 - using default POIXMLDocumentPart for http://schemas.openxmlformats.org/officeDocument/2006/relationships/printerSettings
02-12-2025 21:31:30 INFO  [main] LogGenerate:9 - Excel file is opened
02-12-2025 21:53:56 DEBUG [main] PackageRelationshipCollection:307 - Parsing relationship: /xl/_rels/workbook.xml.rels
02-12-2025 21:53:56 DEBUG [main] PackageRelationshipCollection:307 - Parsing relationship: /xl/worksheets/_rels/sheet1.xml.rels
02-12-2025 21:53:56 DEBUG [main] PackageRelationshipCollection:307 - Parsing relationship: /_rels/.rels
02-12-2025 21:54:00 DEBUG [main] POIXMLFactory:65 - using default POIXMLDocumentPart for http://schemas.openxmlformats.org/officeDocument/2006/relationships/printerSettings
02-12-2025 21:54:00 INFO  [main] LogGenerate:9 - Excel file is opened
02-12-2025 21:59:35 DEBUG [main] PackageRelationshipCollection:307 - Parsing relationship: /xl/_rels/workbook.xml.rels
02-12-2025 21:59:35 DEBUG [main] PackageRelationshipCollection:307 - Parsing relationship: /xl/worksheets/_rels/sheet1.xml.rels
02-12-2025 21:59:35 DEBUG [main] PackageRelationshipCollection:307 - Parsing relationship: /_rels/.rels
02-12-2025 21:59:36 DEBUG [main] POIXMLFactory:65 - using default POIXMLDocumentPart for http://schemas.openxmlformats.org/officeDocument/2006/relationships/printerSettings
02-12-2025 21:59:36 INFO  [main] LogGenerate:9 - Excel file is opened
02-12-2025 22:04:34 DEBUG [main] PackageRelationshipCollection:307 - Parsing relationship: /xl/_rels/workbook.xml.rels
02-12-2025 22:04:34 DEBUG [main] PackageRelationshipCollection:307 - Parsing relationship: /xl/worksheets/_rels/sheet1.xml.rels
02-12-2025 22:04:34 DEBUG [main] PackageRelationshipCollection:307 - Parsing relationship: /_rels/.rels
02-12-2025 22:04:35 DEBUG [main] POIXMLFactory:65 - using default POIXMLDocumentPart for http://schemas.openxmlformats.org/officeDocument/2006/relationships/printerSettings
02-12-2025 22:04:35 INFO  [main] LogGenerate:9 - Excel file is opened
02-12-2025 22:50:50 DEBUG [main] PackageRelationshipCollection:307 - Parsing relationship: /xl/_rels/workbook.xml.rels
02-12-2025 22:50:50 DEBUG [main] PackageRelationshipCollection:307 - Parsing relationship: /xl/worksheets/_rels/sheet1.xml.rels
02-12-2025 22:50:50 DEBUG [main] PackageRelationshipCollection:307 - Parsing relationship: /_rels/.rels
02-12-2025 22:50:51 DEBUG [main] POIXMLFactory:65 - using default POIXMLDocumentPart for http://schemas.openxmlformats.org/officeDocument/2006/relationships/printerSettings
02-12-2025 22:50:51 INFO  [main] LogGenerate:9 - Excel file is opened
02-12-2025 23:04:38 DEBUG [main] PackageRelationshipCollection:307 - Parsing relationship: /xl/_rels/workbook.xml.rels
02-12-2025 23:04:38 DEBUG [main] PackageRelationshipCollection:307 - Parsing relationship: /xl/worksheets/_rels/sheet1.xml.rels
02-12-2025 23:04:38 DEBUG [main] PackageRelationshipCollection:307 - Parsing relationship: /_rels/.rels
02-12-2025 23:04:39 DEBUG [main] POIXMLFactory:65 - using default POIXMLDocumentPart for http://schemas.openxmlformats.org/officeDocument/2006/relationships/printerSettings
02-12-2025 23:04:39 INFO  [main] LogGenerate:9 - Excel file is opened
02-12-2025 23:37:22 DEBUG [main] PackageRelationshipCollection:307 - Parsing relationship: /xl/_rels/workbook.xml.rels
02-12-2025 23:37:22 DEBUG [main] PackageRelationshipCollection:307 - Parsing relationship: /xl/worksheets/_rels/sheet1.xml.rels
02-12-2025 23:37:22 DEBUG [main] PackageRelationshipCollection:307 - Parsing relationship: /_rels/.rels
02-12-2025 23:37:23 DEBUG [main] POIXMLFactory:65 - using default POIXMLDocumentPart for http://schemas.openxmlformats.org/officeDocument/2006/relationships/printerSettings
02-12-2025 23:37:23 INFO  [main] LogGenerate:9 - Excel file is opened
02-12-2025 23:40:20 DEBUG [main] PackageRelationshipCollection:307 - Parsing relationship: /xl/_rels/workbook.xml.rels
02-12-2025 23:40:20 DEBUG [main] PackageRelationshipCollection:307 - Parsing relationship: /xl/worksheets/_rels/sheet1.xml.rels
02-12-2025 23:40:20 DEBUG [main] PackageRelationshipCollection:307 - Parsing relationship: /_rels/.rels
02-12-2025 23:40:21 DEBUG [main] POIXMLFactory:65 - using default POIXMLDocumentPart for http://schemas.openxmlformats.org/officeDocument/2006/relationships/printerSettings
02-12-2025 23:40:21 INFO  [main] LogGenerate:9 - Excel file is opened
02-12-2025 23:54:58 DEBUG [main] PackageRelationshipCollection:307 - Parsing relationship: /xl/_rels/workbook.xml.rels
02-12-2025 23:54:58 DEBUG [main] PackageRelationshipCollection:307 - Parsing relationship: /xl/worksheets/_rels/sheet1.xml.rels
02-12-2025 23:54:58 DEBUG [main] PackageRelationshipCollection:307 - Parsing relationship: /_rels/.rels
02-12-2025 23:54:58 DEBUG [main] POIXMLFactory:65 - using default POIXMLDocumentPart for http://schemas.openxmlformats.org/officeDocument/2006/relationships/printerSettings
02-12-2025 23:55:35 DEBUG [main] PackageRelationshipCollection:307 - Parsing relationship: /xl/_rels/workbook.xml.rels
02-12-2025 23:55:35 DEBUG [main] PackageRelationshipCollection:307 - Parsing relationship: /xl/worksheets/_rels/sheet1.xml.rels
02-12-2025 23:55:35 DEBUG [main] PackageRelationshipCollection:307 - Parsing relationship: /_rels/.rels
02-12-2025 23:55:36 DEBUG [main] POIXMLFactory:65 - using default POIXMLDocumentPart for http://schemas.openxmlformats.org/officeDocument/2006/relationships/printerSettings
02-12-2025 23:57:05 DEBUG [main] PackageRelationshipCollection:307 - Parsing relationship: /xl/_rels/workbook.xml.rels
02-12-2025 23:57:05 DEBUG [main] PackageRelationshipCollection:307 - Parsing relationship: /xl/worksheets/_rels/sheet1.xml.rels
02-12-2025 23:57:05 DEBUG [main] PackageRelationshipCollection:307 - Parsing relationship: /_rels/.rels
02-12-2025 23:57:05 DEBUG [main] POIXMLFactory:65 - using default POIXMLDocumentPart for http://schemas.openxmlformats.org/officeDocument/2006/relationships/printerSettings
02-12-2025 23:57:40 INFO  [main] LogGenerate:9 - This is new method
02-12-2025 23:57:40 INFO  [main] LogGenerate:9 - Password is provided
02-12-2025 23:59:17 DEBUG [main] PackageRelationshipCollection:307 - Parsing relationship: /xl/_rels/workbook.xml.rels
02-12-2025 23:59:17 DEBUG [main] PackageRelationshipCollection:307 - Parsing relationship: /xl/worksheets/_rels/sheet1.xml.rels
02-12-2025 23:59:17 DEBUG [main] PackageRelationshipCollection:307 - Parsing relationship: /_rels/.rels
02-12-2025 23:59:18 DEBUG [main] POIXMLFactory:65 - using default POIXMLDocumentPart for http://schemas.openxmlformats.org/officeDocument/2006/relationships/printerSettings
02-12-2025 23:59:35 INFO  [main] LogGenerate:9 - This is new method
02-12-2025 23:59:35 INFO  [main] LogGenerate:9 - Password is provided
02-13-2025 00:01:49 DEBUG [main] PackageRelationshipCollection:307 - Parsing relationship: /xl/_rels/workbook.xml.rels
02-13-2025 00:01:49 DEBUG [main] PackageRelationshipCollection:307 - Parsing relationship: /xl/worksheets/_rels/sheet1.xml.rels
02-13-2025 00:01:49 DEBUG [main] PackageRelationshipCollection:307 - Parsing relationship: /_rels/.rels
02-13-2025 00:01:49 DEBUG [main] POIXMLFactory:65 - using default POIXMLDocumentPart for http://schemas.openxmlformats.org/officeDocument/2006/relationships/printerSettings
02-13-2025 00:01:54 INFO  [main] LogGenerate:9 - This is new method
02-13-2025 00:01:54 INFO  [main] LogGenerate:9 - Password is provided
02-13-2025 00:01:59 INFO  [main] LogGenerate:9 - Member Login is verified : 
02-13-2025 00:08:08 DEBUG [main] PackageRelationshipCollection:307 - Parsing relationship: /xl/_rels/workbook.xml.rels
02-13-2025 00:08:08 DEBUG [main] PackageRelationshipCollection:307 - Parsing relationship: /xl/worksheets/_rels/sheet1.xml.rels
02-13-2025 00:08:08 DEBUG [main] PackageRelationshipCollection:307 - Parsing relationship: /_rels/.rels
02-13-2025 00:08:08 DEBUG [main] POIXMLFactory:65 - using default POIXMLDocumentPart for http://schemas.openxmlformats.org/officeDocument/2006/relationships/printerSettings
02-13-2025 00:08:17 INFO  [main] LogGenerate:9 - This is new method
02-13-2025 00:08:17 INFO  [main] LogGenerate:9 - Password is provided
02-13-2025 00:11:56 DEBUG [main] PackageRelationshipCollection:307 - Parsing relationship: /xl/_rels/workbook.xml.rels
02-13-2025 00:11:56 DEBUG [main] PackageRelationshipCollection:307 - Parsing relationship: /xl/worksheets/_rels/sheet1.xml.rels
02-13-2025 00:11:56 DEBUG [main] PackageRelationshipCollection:307 - Parsing relationship: /_rels/.rels
02-13-2025 00:11:56 DEBUG [main] POIXMLFactory:65 - using default POIXMLDocumentPart for http://schemas.openxmlformats.org/officeDocument/2006/relationships/printerSettings
02-13-2025 16:27:39 INFO  [main] LogGenerate:9 - This is new method
02-13-2025 16:27:39 INFO  [main] LogGenerate:9 - Password is provided
02-13-2025 16:28:00 INFO  [main] LogGenerate:9 - This is new method
02-13-2025 16:28:00 INFO  [main] LogGenerate:9 - Password is provided
02-13-2025 16:38:02 INFO  [main] LogGenerate:9 - This is new method
02-13-2025 16:38:02 INFO  [main] LogGenerate:9 - Password is provided
02-13-2025 16:39:40 INFO  [main] LogGenerate:9 - This is new method
02-13-2025 16:39:40 INFO  [main] LogGenerate:9 - Password is provided
02-13-2025 16:46:00 INFO  [main] LogGenerate:9 - This is new method
02-13-2025 16:46:00 INFO  [main] LogGenerate:9 - Password is provided
02-13-2025 16:46:00 INFO  [main] LogGenerate:9 - Member Login is verified : 
02-13-2025 16:50:48 INFO  [main] LogGenerate:9 - Member Login is verified : 
02-13-2025 16:50:48 INFO  [main] LogGenerate:9 - This is new method
02-13-2025 16:50:48 INFO  [main] LogGenerate:9 - Password is provided
02-13-2025 16:50:49 INFO  [main] LogGenerate:9 - Member Login is verified : 
02-13-2025 16:52:02 INFO  [main] LogGenerate:9 - This is new method
02-13-2025 16:52:02 INFO  [main] LogGenerate:9 - Password is provided
02-13-2025 17:00:33 INFO  [main] LogGenerate:9 - Member Login is verified : 
02-13-2025 17:00:33 INFO  [main] LogGenerate:9 - This is new method
02-13-2025 17:00:33 INFO  [main] LogGenerate:9 - Password is provided
02-13-2025 17:00:33 INFO  [main] LogGenerate:9 - Member Login is verified : 
02-14-2025 14:35:11 INFO  [main] LogGenerate:9 - This is new method
02-14-2025 14:35:11 INFO  [main] LogGenerate:9 - Password is provided
02-14-2025 15:07:07 INFO  [main] LogGenerate:9 - This is new method
02-14-2025 15:07:07 INFO  [main] LogGenerate:9 - Password is provided
02-14-2025 15:14:07 INFO  [main] LogGenerate:9 - This is new method
02-14-2025 15:14:07 INFO  [main] LogGenerate:9 - Password is provided
02-14-2025 15:19:06 INFO  [main] LogGenerate:9 - This is new method
02-14-2025 15:19:06 INFO  [main] LogGenerate:9 - Password is provided
02-14-2025 15:30:02 INFO  [main] LogGenerate:9 - This is new method
02-14-2025 15:30:02 INFO  [main] LogGenerate:9 - Password is provided
02-14-2025 15:33:38 INFO  [main] LogGenerate:9 - This is new method
02-14-2025 15:33:38 INFO  [main] LogGenerate:9 - Password is provided
02-14-2025 15:36:30 INFO  [main] LogGenerate:9 - This is new method
02-14-2025 15:36:30 INFO  [main] LogGenerate:9 - Password is provided
02-14-2025 15:40:56 INFO  [main] LogGenerate:9 - This is new method
02-14-2025 15:40:56 INFO  [main] LogGenerate:9 - Password is provided
02-14-2025 15:42:08 INFO  [main] LogGenerate:9 - This is new method
02-14-2025 15:42:08 INFO  [main] LogGenerate:9 - Password is provided
02-14-2025 15:44:24 INFO  [main] LogGenerate:9 - This is new method
02-14-2025 15:44:24 INFO  [main] LogGenerate:9 - Password is provided
02-14-2025 15:54:39 INFO  [main] LogGenerate:9 - This is new method
02-14-2025 15:54:39 INFO  [main] LogGenerate:9 - Password is provided
02-14-2025 15:59:53 INFO  [main] LogGenerate:9 - This is new method
02-14-2025 15:59:53 INFO  [main] LogGenerate:9 - Password is provided
02-14-2025 16:30:52 INFO  [main] LogGenerate:9 - This is new method
02-14-2025 16:30:52 INFO  [main] LogGenerate:9 - Password is provided
02-14-2025 16:32:28 INFO  [main] LogGenerate:9 - This is new method
02-14-2025 16:32:28 INFO  [main] LogGenerate:9 - Password is provided
02-14-2025 16:32:28 INFO  [main] LogGenerate:9 - Member Login is verified : 
02-14-2025 16:32:28 INFO  [main] LogGenerate:9 - Member Login is verified : 
02-14-2025 16:46:20 INFO  [main] LogGenerate:9 - This is new method
02-14-2025 16:46:20 INFO  [main] LogGenerate:9 - Password is provided
02-14-2025 16:48:12 INFO  [main] LogGenerate:9 - This is new method
02-14-2025 16:48:12 INFO  [main] LogGenerate:9 - Password is provided
02-18-2025 16:47:44 DEBUG [main] PackageRelationshipCollection:307 - Parsing relationship: /xl/_rels/workbook.xml.rels
02-18-2025 16:47:44 DEBUG [main] PackageRelationshipCollection:307 - Parsing relationship: /xl/worksheets/_rels/sheet1.xml.rels
02-18-2025 16:47:44 DEBUG [main] PackageRelationshipCollection:307 - Parsing relationship: /_rels/.rels
02-18-2025 16:47:45 DEBUG [main] POIXMLFactory:65 - using default POIXMLDocumentPart for http://schemas.openxmlformats.org/officeDocument/2006/relationships/printerSettings
02-18-2025 16:47:45 INFO  [main] LogGenerate:9 - Excel file is opened
02-18-2025 16:50:10 DEBUG [main] PackageRelationshipCollection:307 - Parsing relationship: /xl/_rels/workbook.xml.rels
02-18-2025 16:50:10 DEBUG [main] PackageRelationshipCollection:307 - Parsing relationship: /xl/worksheets/_rels/sheet1.xml.rels
02-18-2025 16:50:10 DEBUG [main] PackageRelationshipCollection:307 - Parsing relationship: /_rels/.rels
02-18-2025 16:50:10 DEBUG [main] POIXMLFactory:65 - using default POIXMLDocumentPart for http://schemas.openxmlformats.org/officeDocument/2006/relationships/printerSettings
02-18-2025 16:50:10 INFO  [main] LogGenerate:9 - Excel file is opened
02-18-2025 16:58:52 DEBUG [main] PackageRelationshipCollection:307 - Parsing relationship: /xl/_rels/workbook.xml.rels
02-18-2025 16:58:52 DEBUG [main] PackageRelationshipCollection:307 - Parsing relationship: /xl/worksheets/_rels/sheet1.xml.rels
02-18-2025 16:58:52 DEBUG [main] PackageRelationshipCollection:307 - Parsing relationship: /_rels/.rels
02-18-2025 16:58:53 DEBUG [main] POIXMLFactory:65 - using default POIXMLDocumentPart for http://schemas.openxmlformats.org/officeDocument/2006/relationships/printerSettings
02-18-2025 16:58:53 INFO  [main] LogGenerate:9 - Excel file is opened
02-18-2025 17:07:17 DEBUG [main] PackageRelationshipCollection:307 - Parsing relationship: /xl/_rels/workbook.xml.rels
02-18-2025 17:07:17 DEBUG [main] PackageRelationshipCollection:307 - Parsing relationship: /xl/worksheets/_rels/sheet1.xml.rels
02-18-2025 17:07:17 DEBUG [main] PackageRelationshipCollection:307 - Parsing relationship: /_rels/.rels
02-18-2025 17:07:18 DEBUG [main] POIXMLFactory:65 - using default POIXMLDocumentPart for http://schemas.openxmlformats.org/officeDocument/2006/relationships/printerSettings
02-18-2025 17:07:18 INFO  [main] LogGenerate:9 - Excel file is opened
02-18-2025 17:07:18 INFO  [main] LogGenerate:9 - returning excle data
02-18-2025 17:09:19 DEBUG [main] PackageRelationshipCollection:307 - Parsing relationship: /xl/_rels/workbook.xml.rels
02-18-2025 17:09:19 DEBUG [main] PackageRelationshipCollection:307 - Parsing relationship: /xl/worksheets/_rels/sheet1.xml.rels
02-18-2025 17:09:19 DEBUG [main] PackageRelationshipCollection:307 - Parsing relationship: /_rels/.rels
02-18-2025 17:09:20 DEBUG [main] POIXMLFactory:65 - using default POIXMLDocumentPart for http://schemas.openxmlformats.org/officeDocument/2006/relationships/printerSettings
02-18-2025 17:09:20 INFO  [main] LogGenerate:9 - Excel file is opened
02-18-2025 17:12:07 DEBUG [main] PackageRelationshipCollection:307 - Parsing relationship: /xl/_rels/workbook.xml.rels
02-18-2025 17:12:07 DEBUG [main] PackageRelationshipCollection:307 - Parsing relationship: /xl/worksheets/_rels/sheet1.xml.rels
02-18-2025 17:12:07 DEBUG [main] PackageRelationshipCollection:307 - Parsing relationship: /_rels/.rels
02-18-2025 17:12:08 DEBUG [main] POIXMLFactory:65 - using default POIXMLDocumentPart for http://schemas.openxmlformats.org/officeDocument/2006/relationships/printerSettings
02-18-2025 17:12:08 INFO  [main] LogGenerate:9 - Excel file is opened
02-18-2025 17:12:08 INFO  [main] LogGenerate:9 - Can't read or write file
02-18-2025 17:12:08 INFO  [main] LogGenerate:9 - returning excle data
02-18-2025 17:14:23 DEBUG [main] PackageRelationshipCollection:307 - Parsing relationship: /xl/_rels/workbook.xml.rels
02-18-2025 17:14:23 DEBUG [main] PackageRelationshipCollection:307 - Parsing relationship: /xl/worksheets/_rels/sheet1.xml.rels
02-18-2025 17:14:23 DEBUG [main] PackageRelationshipCollection:307 - Parsing relationship: /_rels/.rels
02-18-2025 17:14:23 DEBUG [main] POIXMLFactory:65 - using default POIXMLDocumentPart for http://schemas.openxmlformats.org/officeDocument/2006/relationships/printerSettings
02-18-2025 17:14:23 INFO  [main] LogGenerate:9 - Excel file is opened
02-18-2025 17:14:23 INFO  [main] LogGenerate:9 - Can't read or write file
02-18-2025 17:14:23 INFO  [main] LogGenerate:9 - returning excle data
02-18-2025 17:15:50 DEBUG [main] PackageRelationshipCollection:307 - Parsing relationship: /xl/_rels/workbook.xml.rels
02-18-2025 17:15:50 DEBUG [main] PackageRelationshipCollection:307 - Parsing relationship: /xl/worksheets/_rels/sheet1.xml.rels
02-18-2025 17:15:50 DEBUG [main] PackageRelationshipCollection:307 - Parsing relationship: /_rels/.rels
02-18-2025 17:15:51 DEBUG [main] POIXMLFactory:65 - using default POIXMLDocumentPart for http://schemas.openxmlformats.org/officeDocument/2006/relationships/printerSettings
02-18-2025 17:15:51 INFO  [main] LogGenerate:9 - Excel file is opened
02-18-2025 17:15:51 INFO  [main] LogGenerate:9 - Can't read or write file
02-18-2025 17:15:51 INFO  [main] LogGenerate:9 - returning excle data
02-18-2025 17:19:34 DEBUG [main] PackageRelationshipCollection:307 - Parsing relationship: /xl/_rels/workbook.xml.rels
02-18-2025 17:19:34 DEBUG [main] PackageRelationshipCollection:307 - Parsing relationship: /xl/worksheets/_rels/sheet1.xml.rels
02-18-2025 17:19:34 DEBUG [main] PackageRelationshipCollection:307 - Parsing relationship: /_rels/.rels
02-18-2025 17:19:34 DEBUG [main] POIXMLFactory:65 - using default POIXMLDocumentPart for http://schemas.openxmlformats.org/officeDocument/2006/relationships/printerSettings
02-18-2025 17:19:34 INFO  [main] LogGenerate:9 - Excel file is opened
02-18-2025 17:21:09 DEBUG [main] PackageRelationshipCollection:307 - Parsing relationship: /xl/_rels/workbook.xml.rels
02-18-2025 17:21:09 DEBUG [main] PackageRelationshipCollection:307 - Parsing relationship: /xl/worksheets/_rels/sheet1.xml.rels
02-18-2025 17:21:09 DEBUG [main] PackageRelationshipCollection:307 - Parsing relationship: /_rels/.rels
02-18-2025 17:21:09 DEBUG [main] POIXMLFactory:65 - using default POIXMLDocumentPart for http://schemas.openxmlformats.org/officeDocument/2006/relationships/printerSettings
02-18-2025 17:21:10 INFO  [main] LogGenerate:9 - Excel file is opened
02-18-2025 17:21:10 INFO  [main] LogGenerate:9 - returning excle data
02-18-2025 17:28:08 DEBUG [main] PackageRelationshipCollection:307 - Parsing relationship: /xl/_rels/workbook.xml.rels
02-18-2025 17:28:08 DEBUG [main] PackageRelationshipCollection:307 - Parsing relationship: /xl/worksheets/_rels/sheet1.xml.rels
02-18-2025 17:28:08 DEBUG [main] PackageRelationshipCollection:307 - Parsing relationship: /_rels/.rels
02-18-2025 17:28:08 DEBUG [main] POIXMLFactory:65 - using default POIXMLDocumentPart for http://schemas.openxmlformats.org/officeDocument/2006/relationships/printerSettings
02-18-2025 17:28:09 INFO  [main] LogGenerate:9 - Excel file is opened
02-18-2025 17:28:09 INFO  [main] LogGenerate:9 - returning excle data
02-18-2025 17:28:41 DEBUG [main] PackageRelationshipCollection:307 - Parsing relationship: /xl/_rels/workbook.xml.rels
02-18-2025 17:28:41 DEBUG [main] PackageRelationshipCollection:307 - Parsing relationship: /xl/worksheets/_rels/sheet1.xml.rels
02-18-2025 17:28:41 DEBUG [main] PackageRelationshipCollection:307 - Parsing relationship: /_rels/.rels
02-18-2025 17:28:42 DEBUG [main] POIXMLFactory:65 - using default POIXMLDocumentPart for http://schemas.openxmlformats.org/officeDocument/2006/relationships/printerSettings
02-18-2025 17:28:42 INFO  [main] LogGenerate:9 - Excel file is opened
02-18-2025 17:28:42 INFO  [main] LogGenerate:9 - returning excle data
02-18-2025 17:39:44 INFO  [main] LogGenerate:9 - Member Login is verified : 
02-18-2025 17:39:44 INFO  [main] LogGenerate:9 - Member Login is verified : 
02-18-2025 17:49:06 INFO  [main] LogGenerate:9 - Member Login is verified : 
02-18-2025 17:49:06 INFO  [main] LogGenerate:9 - Member Login is verified : 
02-18-2025 18:09:25 DEBUG [main] PackageRelationshipCollection:307 - Parsing relationship: /xl/_rels/workbook.xml.rels
02-18-2025 18:09:25 DEBUG [main] PackageRelationshipCollection:307 - Parsing relationship: /xl/worksheets/_rels/sheet1.xml.rels
02-18-2025 18:09:25 DEBUG [main] PackageRelationshipCollection:307 - Parsing relationship: /_rels/.rels
02-18-2025 18:09:26 DEBUG [main] POIXMLFactory:65 - using default POIXMLDocumentPart for http://schemas.openxmlformats.org/officeDocument/2006/relationships/printerSettings
02-18-2025 18:09:26 INFO  [main] LogGenerate:9 - Excel file is opened
02-18-2025 18:09:26 INFO  [main] LogGenerate:9 - returning excle data
02-18-2025 18:09:26 INFO  [main] LogGenerate:9 - This is new method
02-18-2025 18:09:26 INFO  [main] LogGenerate:9 - Password is provided
02-18-2025 18:09:26 INFO  [main] LogGenerate:9 - Member Login is verified : 
02-18-2025 18:09:26 INFO  [main] LogGenerate:9 - Member Login is verified : 
02-18-2025 18:19:17 DEBUG [main] PackageRelationshipCollection:307 - Parsing relationship: /xl/_rels/workbook.xml.rels
02-18-2025 18:19:17 DEBUG [main] PackageRelationshipCollection:307 - Parsing relationship: /xl/worksheets/_rels/sheet1.xml.rels
02-18-2025 18:19:17 DEBUG [main] PackageRelationshipCollection:307 - Parsing relationship: /_rels/.rels
02-18-2025 18:19:17 DEBUG [main] POIXMLFactory:65 - using default POIXMLDocumentPart for http://schemas.openxmlformats.org/officeDocument/2006/relationships/printerSettings
02-18-2025 18:19:17 INFO  [main] LogGenerate:9 - Excel file is opened
02-18-2025 18:19:17 INFO  [main] LogGenerate:9 - returning excle data
02-18-2025 18:21:02 DEBUG [main] PackageRelationshipCollection:307 - Parsing relationship: /xl/_rels/workbook.xml.rels
02-18-2025 18:21:02 DEBUG [main] PackageRelationshipCollection:307 - Parsing relationship: /xl/worksheets/_rels/sheet1.xml.rels
02-18-2025 18:21:02 DEBUG [main] PackageRelationshipCollection:307 - Parsing relationship: /_rels/.rels
02-18-2025 18:21:02 DEBUG [main] POIXMLFactory:65 - using default POIXMLDocumentPart for http://schemas.openxmlformats.org/officeDocument/2006/relationships/printerSettings
02-18-2025 18:21:02 INFO  [main] LogGenerate:9 - Excel file is opened
02-18-2025 18:21:02 INFO  [main] LogGenerate:9 - returning excle data
02-18-2025 18:22:08 DEBUG [main] PackageRelationshipCollection:307 - Parsing relationship: /xl/_rels/workbook.xml.rels
02-18-2025 18:22:08 DEBUG [main] PackageRelationshipCollection:307 - Parsing relationship: /xl/worksheets/_rels/sheet1.xml.rels
02-18-2025 18:22:08 DEBUG [main] PackageRelationshipCollection:307 - Parsing relationship: /_rels/.rels
02-18-2025 18:22:09 DEBUG [main] POIXMLFactory:65 - using default POIXMLDocumentPart for http://schemas.openxmlformats.org/officeDocument/2006/relationships/printerSettings
02-18-2025 18:22:09 INFO  [main] LogGenerate:9 - Excel file is opened
02-18-2025 18:22:09 INFO  [main] LogGenerate:9 - returning excle data
02-18-2025 18:22:09 INFO  [main] LogGenerate:9 - This is new method
02-18-2025 18:22:09 INFO  [main] LogGenerate:9 - Password is provided
02-18-2025 18:22:09 INFO  [main] LogGenerate:9 - Member Login is verified : 
02-18-2025 18:22:09 INFO  [main] LogGenerate:9 - Member Login is verified : 
02-20-2025 21:21:28 DEBUG [main] PackageRelationshipCollection:307 - Parsing relationship: /xl/_rels/workbook.xml.rels
02-20-2025 21:21:28 DEBUG [main] PackageRelationshipCollection:307 - Parsing relationship: /xl/worksheets/_rels/sheet1.xml.rels
02-20-2025 21:21:28 DEBUG [main] PackageRelationshipCollection:307 - Parsing relationship: /_rels/.rels
02-20-2025 21:21:29 DEBUG [main] POIXMLFactory:65 - using default POIXMLDocumentPart for http://schemas.openxmlformats.org/officeDocument/2006/relationships/printerSettings
02-20-2025 21:21:29 INFO  [main] LogGenerate:9 - Excel file is opened
02-20-2025 21:21:30 INFO  [main] LogGenerate:9 - returning excle data
02-20-2025 21:21:30 INFO  [main] LogGenerate:9 - This is new method
02-20-2025 21:21:30 INFO  [main] LogGenerate:9 - Password is provided
02-20-2025 21:21:30 INFO  [main] LogGenerate:9 - Member Login is verified : 
02-20-2025 21:26:11 DEBUG [main] PackageRelationshipCollection:307 - Parsing relationship: /xl/_rels/workbook.xml.rels
02-20-2025 21:26:11 DEBUG [main] PackageRelationshipCollection:307 - Parsing relationship: /xl/worksheets/_rels/sheet1.xml.rels
02-20-2025 21:26:11 DEBUG [main] PackageRelationshipCollection:307 - Parsing relationship: /_rels/.rels
02-20-2025 21:26:11 DEBUG [main] POIXMLFactory:65 - using default POIXMLDocumentPart for http://schemas.openxmlformats.org/officeDocument/2006/relationships/printerSettings
02-20-2025 21:26:11 INFO  [main] LogGenerate:9 - Excel file is opened
02-20-2025 21:26:11 INFO  [main] LogGenerate:9 - returning excle data
02-20-2025 21:26:12 INFO  [main] LogGenerate:9 - This is new method
02-20-2025 21:26:12 INFO  [main] LogGenerate:9 - Password is provided
02-20-2025 21:26:12 INFO  [main] LogGenerate:9 - Member Login is verified : 
02-20-2025 21:26:12 INFO  [main] LogGenerate:9 - Member Login is verified : 
02-20-2025 21:27:06 DEBUG [main] PackageRelationshipCollection:307 - Parsing relationship: /xl/_rels/workbook.xml.rels
02-20-2025 21:27:06 DEBUG [main] PackageRelationshipCollection:307 - Parsing relationship: /xl/worksheets/_rels/sheet1.xml.rels
02-20-2025 21:27:06 DEBUG [main] PackageRelationshipCollection:307 - Parsing relationship: /_rels/.rels
02-20-2025 21:27:07 DEBUG [main] POIXMLFactory:65 - using default POIXMLDocumentPart for http://schemas.openxmlformats.org/officeDocument/2006/relationships/printerSettings
02-20-2025 21:27:07 INFO  [main] LogGenerate:9 - Excel file is opened
02-20-2025 21:27:07 INFO  [main] LogGenerate:9 - returning excle data
02-20-2025 21:27:07 INFO  [main] LogGenerate:9 - This is new method
02-20-2025 21:27:07 INFO  [main] LogGenerate:9 - Password is provided
02-20-2025 21:27:07 INFO  [main] LogGenerate:9 - Member Login is verified : 
02-20-2025 21:27:07 INFO  [main] LogGenerate:9 - Member Login is verified : 
02-20-2025 21:33:53 DEBUG [main] PackageRelationshipCollection:307 - Parsing relationship: /xl/_rels/workbook.xml.rels
02-20-2025 21:33:53 DEBUG [main] PackageRelationshipCollection:307 - Parsing relationship: /xl/worksheets/_rels/sheet1.xml.rels
02-20-2025 21:33:53 DEBUG [main] PackageRelationshipCollection:307 - Parsing relationship: /_rels/.rels
02-20-2025 21:33:54 DEBUG [main] POIXMLFactory:65 - using default POIXMLDocumentPart for http://schemas.openxmlformats.org/officeDocument/2006/relationships/printerSettings
02-20-2025 21:33:54 INFO  [main] LogGenerate:9 - Excel file is opened
02-20-2025 21:33:54 INFO  [main] LogGenerate:9 - returning excle data
02-20-2025 21:33:54 INFO  [main] LogGenerate:9 - This is new method
02-20-2025 21:33:54 INFO  [main] LogGenerate:9 - Password is provided
02-20-2025 21:33:54 INFO  [main] LogGenerate:9 - Member Login is verified : 
02-20-2025 21:33:54 INFO  [main] LogGenerate:9 - Member Login is verified : 
02-20-2025 21:39:10 DEBUG [main] PackageRelationshipCollection:307 - Parsing relationship: /xl/_rels/workbook.xml.rels
02-20-2025 21:39:10 DEBUG [main] PackageRelationshipCollection:307 - Parsing relationship: /xl/worksheets/_rels/sheet1.xml.rels
02-20-2025 21:39:10 DEBUG [main] PackageRelationshipCollection:307 - Parsing relationship: /_rels/.rels
02-20-2025 21:39:10 DEBUG [main] POIXMLFactory:65 - using default POIXMLDocumentPart for http://schemas.openxmlformats.org/officeDocument/2006/relationships/printerSettings
02-20-2025 21:39:10 INFO  [main] LogGenerate:9 - Excel file is opened
02-20-2025 21:39:10 INFO  [main] LogGenerate:9 - returning excle data
02-20-2025 21:39:10 INFO  [main] LogGenerate:9 - This is new method
02-20-2025 21:39:10 INFO  [main] LogGenerate:9 - Password is provided
02-20-2025 21:39:11 INFO  [main] LogGenerate:9 - Member Login is verified : 
02-20-2025 21:39:11 INFO  [main] LogGenerate:9 - Member Login is verified : 
02-20-2025 21:42:42 DEBUG [main] PackageRelationshipCollection:307 - Parsing relationship: /xl/_rels/workbook.xml.rels
02-20-2025 21:42:42 DEBUG [main] PackageRelationshipCollection:307 - Parsing relationship: /xl/worksheets/_rels/sheet1.xml.rels
02-20-2025 21:42:42 DEBUG [main] PackageRelationshipCollection:307 - Parsing relationship: /_rels/.rels
02-20-2025 21:42:43 DEBUG [main] POIXMLFactory:65 - using default POIXMLDocumentPart for http://schemas.openxmlformats.org/officeDocument/2006/relationships/printerSettings
02-20-2025 21:42:43 INFO  [main] LogGenerate:9 - Excel file is opened
02-20-2025 21:42:43 INFO  [main] LogGenerate:9 - returning excle data
02-20-2025 21:42:43 INFO  [main] LogGenerate:9 - user name is --RubalPassword is --Ahmed
02-20-2025 21:42:43 INFO  [main] LogGenerate:9 - Member Login is verified : 
02-20-2025 21:42:43 INFO  [main] LogGenerate:9 - Member Login is verified : 
02-20-2025 21:53:02 DEBUG [main] PackageRelationshipCollection:307 - Parsing relationship: /xl/_rels/workbook.xml.rels
02-20-2025 21:53:02 DEBUG [main] PackageRelationshipCollection:307 - Parsing relationship: /xl/worksheets/_rels/sheet1.xml.rels
02-20-2025 21:53:02 DEBUG [main] PackageRelationshipCollection:307 - Parsing relationship: /_rels/.rels
02-20-2025 21:53:02 DEBUG [main] POIXMLFactory:65 - using default POIXMLDocumentPart for http://schemas.openxmlformats.org/officeDocument/2006/relationships/printerSettings
02-20-2025 21:53:02 INFO  [main] LogGenerate:9 - Excel file is opened
02-20-2025 21:53:02 INFO  [main] LogGenerate:9 - returning excle data
02-20-2025 21:54:09 DEBUG [main] PackageRelationshipCollection:307 - Parsing relationship: /xl/_rels/workbook.xml.rels
02-20-2025 21:54:09 DEBUG [main] PackageRelationshipCollection:307 - Parsing relationship: /xl/worksheets/_rels/sheet1.xml.rels
02-20-2025 21:54:09 DEBUG [main] PackageRelationshipCollection:307 - Parsing relationship: /_rels/.rels
02-20-2025 21:54:10 DEBUG [main] POIXMLFactory:65 - using default POIXMLDocumentPart for http://schemas.openxmlformats.org/officeDocument/2006/relationships/printerSettings
02-20-2025 21:54:10 INFO  [main] LogGenerate:9 - Excel file is opened
02-20-2025 21:54:10 INFO  [main] LogGenerate:9 - returning excle data
02-20-2025 21:55:40 DEBUG [main] PackageRelationshipCollection:307 - Parsing relationship: /xl/_rels/workbook.xml.rels
02-20-2025 21:55:40 DEBUG [main] PackageRelationshipCollection:307 - Parsing relationship: /xl/worksheets/_rels/sheet1.xml.rels
02-20-2025 21:55:40 DEBUG [main] PackageRelationshipCollection:307 - Parsing relationship: /_rels/.rels
02-20-2025 21:55:41 DEBUG [main] POIXMLFactory:65 - using default POIXMLDocumentPart for http://schemas.openxmlformats.org/officeDocument/2006/relationships/printerSettings
02-20-2025 21:55:41 INFO  [main] LogGenerate:9 - Excel file is opened
02-20-2025 21:55:41 INFO  [main] LogGenerate:9 - returning excle data
02-20-2025 21:58:15 DEBUG [main] PackageRelationshipCollection:307 - Parsing relationship: /xl/_rels/workbook.xml.rels
02-20-2025 21:58:15 DEBUG [main] PackageRelationshipCollection:307 - Parsing relationship: /xl/worksheets/_rels/sheet1.xml.rels
02-20-2025 21:58:15 DEBUG [main] PackageRelationshipCollection:307 - Parsing relationship: /_rels/.rels
02-20-2025 21:58:16 DEBUG [main] POIXMLFactory:65 - using default POIXMLDocumentPart for http://schemas.openxmlformats.org/officeDocument/2006/relationships/printerSettings
02-20-2025 21:58:16 INFO  [main] LogGenerate:9 - Excel file is opened
02-20-2025 21:58:16 INFO  [main] LogGenerate:9 - returning excle data
02-20-2025 22:00:30 DEBUG [main] PackageRelationshipCollection:307 - Parsing relationship: /xl/_rels/workbook.xml.rels
02-20-2025 22:00:30 DEBUG [main] PackageRelationshipCollection:307 - Parsing relationship: /xl/worksheets/_rels/sheet1.xml.rels
02-20-2025 22:00:30 DEBUG [main] PackageRelationshipCollection:307 - Parsing relationship: /_rels/.rels
02-20-2025 22:00:30 DEBUG [main] POIXMLFactory:65 - using default POIXMLDocumentPart for http://schemas.openxmlformats.org/officeDocument/2006/relationships/printerSettings
02-20-2025 22:00:30 INFO  [main] LogGenerate:9 - Excel file is opened
02-20-2025 22:00:30 INFO  [main] LogGenerate:9 - returning excle data
02-20-2025 22:01:57 DEBUG [main] PackageRelationshipCollection:307 - Parsing relationship: /xl/_rels/workbook.xml.rels
02-20-2025 22:01:57 DEBUG [main] PackageRelationshipCollection:307 - Parsing relationship: /xl/worksheets/_rels/sheet1.xml.rels
02-20-2025 22:01:57 DEBUG [main] PackageRelationshipCollection:307 - Parsing relationship: /_rels/.rels
02-20-2025 22:01:57 DEBUG [main] POIXMLFactory:65 - using default POIXMLDocumentPart for http://schemas.openxmlformats.org/officeDocument/2006/relationships/printerSettings
02-20-2025 22:01:58 INFO  [main] LogGenerate:9 - Excel file is opened
02-20-2025 22:01:58 INFO  [main] LogGenerate:9 - returning excle data
02-20-2025 22:04:28 DEBUG [main] PackageRelationshipCollection:307 - Parsing relationship: /xl/_rels/workbook.xml.rels
02-20-2025 22:04:28 DEBUG [main] PackageRelationshipCollection:307 - Parsing relationship: /xl/worksheets/_rels/sheet1.xml.rels
02-20-2025 22:04:28 DEBUG [main] PackageRelationshipCollection:307 - Parsing relationship: /_rels/.rels
02-20-2025 22:04:28 DEBUG [main] POIXMLFactory:65 - using default POIXMLDocumentPart for http://schemas.openxmlformats.org/officeDocument/2006/relationships/printerSettings
02-20-2025 22:04:28 INFO  [main] LogGenerate:9 - Excel file is opened
02-20-2025 22:04:28 INFO  [main] LogGenerate:9 - returning excle data
02-20-2025 22:04:28 INFO  [main] LogGenerate:9 - user name is --Rubal  Password is --Ahmed
02-20-2025 22:04:28 INFO  [main] LogGenerate:9 - Member Login is verified : 
02-20-2025 22:04:28 INFO  [main] LogGenerate:9 - Member Login is verified : 
02-20-2025 22:14:30 DEBUG [main] PackageRelationshipCollection:307 - Parsing relationship: /xl/_rels/workbook.xml.rels
02-20-2025 22:14:30 DEBUG [main] PackageRelationshipCollection:307 - Parsing relationship: /xl/worksheets/_rels/sheet1.xml.rels
02-20-2025 22:14:30 DEBUG [main] PackageRelationshipCollection:307 - Parsing relationship: /_rels/.rels
02-20-2025 22:14:31 DEBUG [main] POIXMLFactory:65 - using default POIXMLDocumentPart for http://schemas.openxmlformats.org/officeDocument/2006/relationships/printerSettings
02-20-2025 22:14:31 INFO  [main] LogGenerate:9 - Excel file is opened
02-20-2025 22:14:31 INFO  [main] LogGenerate:9 - returning excle data
02-20-2025 22:14:32 INFO  [main] LogGenerate:9 - Member Login is verified : 
02-20-2025 22:32:52 DEBUG [main] PackageRelationshipCollection:307 - Parsing relationship: /xl/_rels/workbook.xml.rels
02-20-2025 22:32:52 DEBUG [main] PackageRelationshipCollection:307 - Parsing relationship: /xl/worksheets/_rels/sheet1.xml.rels
02-20-2025 22:32:52 DEBUG [main] PackageRelationshipCollection:307 - Parsing relationship: /_rels/.rels
02-20-2025 22:32:52 DEBUG [main] POIXMLFactory:65 - using default POIXMLDocumentPart for http://schemas.openxmlformats.org/officeDocument/2006/relationships/printerSettings
02-20-2025 22:32:52 INFO  [main] LogGenerate:9 - Excel file is opened
02-20-2025 22:32:52 INFO  [main] LogGenerate:9 - returning excle data
02-20-2025 22:32:52 INFO  [main] LogGenerate:9 - user name is --Rubal  Password is --Ahmed
02-20-2025 22:32:53 INFO  [main] LogGenerate:9 - Member Login is verified : 
02-20-2025 22:35:30 DEBUG [main] PackageRelationshipCollection:307 - Parsing relationship: /xl/_rels/workbook.xml.rels
02-20-2025 22:35:30 DEBUG [main] PackageRelationshipCollection:307 - Parsing relationship: /xl/worksheets/_rels/sheet1.xml.rels
02-20-2025 22:35:30 DEBUG [main] PackageRelationshipCollection:307 - Parsing relationship: /_rels/.rels
02-20-2025 22:35:31 DEBUG [main] POIXMLFactory:65 - using default POIXMLDocumentPart for http://schemas.openxmlformats.org/officeDocument/2006/relationships/printerSettings
02-20-2025 22:35:31 INFO  [main] LogGenerate:9 - Excel file is opened
02-20-2025 22:35:31 INFO  [main] LogGenerate:9 - returning excle data
02-20-2025 22:35:31 INFO  [main] LogGenerate:9 - user name is --Rubal  Password is --Ahmed
02-20-2025 22:35:31 INFO  [main] LogGenerate:9 - Member Login is verified : 
02-20-2025 23:15:54 DEBUG [main] PackageRelationshipCollection:307 - Parsing relationship: /xl/_rels/workbook.xml.rels
02-20-2025 23:15:54 DEBUG [main] PackageRelationshipCollection:307 - Parsing relationship: /xl/worksheets/_rels/sheet1.xml.rels
02-20-2025 23:15:54 DEBUG [main] PackageRelationshipCollection:307 - Parsing relationship: /_rels/.rels
02-20-2025 23:15:55 DEBUG [main] POIXMLFactory:65 - using default POIXMLDocumentPart for http://schemas.openxmlformats.org/officeDocument/2006/relationships/printerSettings
02-20-2025 23:15:55 INFO  [main] Logs:9 - Excel file is opened
02-20-2025 23:15:55 INFO  [main] Logs:9 - returning excle data
02-20-2025 23:15:55 INFO  [main] Logs:9 - user name is --Rubal  Password is --Ahmed
02-20-2025 23:15:55 INFO  [main] Logs:9 - --Home header is verified--
02-20-2025 23:15:55 INFO  [main] Logs:9 - --Home header is verified--
02-20-2025 23:28:56 DEBUG [main] PackageRelationshipCollection:307 - Parsing relationship: /xl/_rels/workbook.xml.rels
02-20-2025 23:28:56 DEBUG [main] PackageRelationshipCollection:307 - Parsing relationship: /xl/worksheets/_rels/sheet1.xml.rels
02-20-2025 23:28:56 DEBUG [main] PackageRelationshipCollection:307 - Parsing relationship: /_rels/.rels
02-20-2025 23:28:57 DEBUG [main] POIXMLFactory:65 - using default POIXMLDocumentPart for http://schemas.openxmlformats.org/officeDocument/2006/relationships/printerSettings
02-20-2025 23:28:57 INFO  [main] Logs:9 - Excel file is opened
02-20-2025 23:28:57 INFO  [main] Logs:9 - returning excle data
02-20-2025 23:28:57 INFO  [main] Logs:9 - user name is --Rubal  Password is --Ahmed
02-20-2025 23:28:57 INFO  [main] Logs:9 - --Home header is verified--
02-20-2025 23:28:57 INFO  [main] Logs:9 - --Home header is verified--
02-20-2025 23:37:01 DEBUG [main] PackageRelationshipCollection:307 - Parsing relationship: /xl/_rels/workbook.xml.rels
02-20-2025 23:37:01 DEBUG [main] PackageRelationshipCollection:307 - Parsing relationship: /xl/worksheets/_rels/sheet1.xml.rels
02-20-2025 23:37:01 DEBUG [main] PackageRelationshipCollection:307 - Parsing relationship: /_rels/.rels
02-20-2025 23:37:02 DEBUG [main] POIXMLFactory:65 - using default POIXMLDocumentPart for http://schemas.openxmlformats.org/officeDocument/2006/relationships/printerSettings
02-20-2025 23:37:02 INFO  [main] Logs:9 - Excel file is opened
02-20-2025 23:37:02 INFO  [main] Logs:9 - returning excle data
02-20-2025 23:37:02 INFO  [main] Logs:9 - user name is --Rubal  Password is --Ahmed
02-20-2025 23:37:02 INFO  [main] Logs:9 - --Home header is verified--
02-20-2025 23:37:02 INFO  [main] Logs:9 - Member Login is verified : 
02-20-2025 23:41:11 DEBUG [main] PackageRelationshipCollection:307 - Parsing relationship: /xl/_rels/workbook.xml.rels
02-20-2025 23:41:11 DEBUG [main] PackageRelationshipCollection:307 - Parsing relationship: /xl/worksheets/_rels/sheet1.xml.rels
02-20-2025 23:41:11 DEBUG [main] PackageRelationshipCollection:307 - Parsing relationship: /_rels/.rels
02-20-2025 23:41:12 DEBUG [main] POIXMLFactory:65 - using default POIXMLDocumentPart for http://schemas.openxmlformats.org/officeDocument/2006/relationships/printerSettings
02-20-2025 23:41:12 INFO  [main] Logs:9 - Excel file is opened
02-20-2025 23:41:12 INFO  [main] Logs:9 - returning excle data
02-20-2025 23:41:12 INFO  [main] Logs:9 - user name is --Rubal  Password is --Ahmed
02-20-2025 23:41:12 INFO  [main] Logs:9 - --Home header is verified--
02-20-2025 23:41:12 INFO  [main] Logs:9 - Member Login is verified : 
02-20-2025 23:44:25 DEBUG [main] PackageRelationshipCollection:307 - Parsing relationship: /xl/_rels/workbook.xml.rels
02-20-2025 23:44:25 DEBUG [main] PackageRelationshipCollection:307 - Parsing relationship: /xl/worksheets/_rels/sheet1.xml.rels
02-20-2025 23:44:25 DEBUG [main] PackageRelationshipCollection:307 - Parsing relationship: /_rels/.rels
02-20-2025 23:44:26 DEBUG [main] POIXMLFactory:65 - using default POIXMLDocumentPart for http://schemas.openxmlformats.org/officeDocument/2006/relationships/printerSettings
02-20-2025 23:44:26 INFO  [main] Logs:9 - Excel file is opened
02-20-2025 23:44:26 INFO  [main] Logs:9 - returning excle data
02-20-2025 23:44:26 INFO  [main] Logs:9 - user name is --Rubal  Password is --Ahmed
02-20-2025 23:44:26 INFO  [main] Logs:9 - --Home header is verified--
02-20-2025 23:44:26 INFO  [main] Logs:9 - --Home header is verified--
02-20-2025 23:53:36 DEBUG [main] PackageRelationshipCollection:307 - Parsing relationship: /xl/_rels/workbook.xml.rels
02-20-2025 23:53:36 DEBUG [main] PackageRelationshipCollection:307 - Parsing relationship: /xl/worksheets/_rels/sheet1.xml.rels
02-20-2025 23:53:36 DEBUG [main] PackageRelationshipCollection:307 - Parsing relationship: /_rels/.rels
02-20-2025 23:53:36 DEBUG [main] POIXMLFactory:65 - using default POIXMLDocumentPart for http://schemas.openxmlformats.org/officeDocument/2006/relationships/printerSettings
02-20-2025 23:53:36 INFO  [main] Logs:9 - Excel file is opened
02-20-2025 23:53:36 INFO  [main] Logs:9 - returning excle data
02-20-2025 23:53:37 INFO  [main] Logs:9 - user name is --Rubal  Password is --Ahmed
02-20-2025 23:53:37 INFO  [main] Logs:9 - --Home header is verified--
02-20-2025 23:53:37 INFO  [main] Logs:9 - Member Login is verified : 
02-20-2025 23:59:23 DEBUG [main] PackageRelationshipCollection:307 - Parsing relationship: /xl/_rels/workbook.xml.rels
02-20-2025 23:59:24 DEBUG [main] PackageRelationshipCollection:307 - Parsing relationship: /xl/worksheets/_rels/sheet1.xml.rels
02-20-2025 23:59:24 DEBUG [main] PackageRelationshipCollection:307 - Parsing relationship: /_rels/.rels
02-20-2025 23:59:24 DEBUG [main] POIXMLFactory:65 - using default POIXMLDocumentPart for http://schemas.openxmlformats.org/officeDocument/2006/relationships/printerSettings
02-20-2025 23:59:24 INFO  [main] Logs:9 - Excel file is opened
02-20-2025 23:59:24 INFO  [main] Logs:9 - returning excle data
02-20-2025 23:59:24 INFO  [main] Logs:9 - user name is --Rubal  Password is --Ahmed
02-20-2025 23:59:25 INFO  [main] Logs:9 - --Home header is verified--
02-20-2025 23:59:25 INFO  [main] Logs:9 - --Home header is verified--
02-21-2025 00:08:01 DEBUG [main] PackageRelationshipCollection:307 - Parsing relationship: /xl/_rels/workbook.xml.rels
02-21-2025 00:08:01 DEBUG [main] PackageRelationshipCollection:307 - Parsing relationship: /xl/worksheets/_rels/sheet1.xml.rels
02-21-2025 00:08:01 DEBUG [main] PackageRelationshipCollection:307 - Parsing relationship: /_rels/.rels
02-21-2025 00:08:02 DEBUG [main] POIXMLFactory:65 - using default POIXMLDocumentPart for http://schemas.openxmlformats.org/officeDocument/2006/relationships/printerSettings
02-21-2025 00:08:02 INFO  [main] Logs:9 - Excel file is opened
02-21-2025 00:08:02 INFO  [main] Logs:9 - returning excle data
02-21-2025 00:08:02 INFO  [main] Logs:9 - user name is --Rubal  Password is --Ahmed
02-21-2025 00:08:02 INFO  [main] Logs:9 - --Home header is verified--
02-21-2025 00:08:02 INFO  [main] Logs:9 - --Home header is verified--
02-21-2025 00:12:06 DEBUG [main] PackageRelationshipCollection:307 - Parsing relationship: /xl/_rels/workbook.xml.rels
02-21-2025 00:12:06 DEBUG [main] PackageRelationshipCollection:307 - Parsing relationship: /xl/worksheets/_rels/sheet1.xml.rels
02-21-2025 00:12:06 DEBUG [main] PackageRelationshipCollection:307 - Parsing relationship: /_rels/.rels
02-21-2025 00:12:06 DEBUG [main] POIXMLFactory:65 - using default POIXMLDocumentPart for http://schemas.openxmlformats.org/officeDocument/2006/relationships/printerSettings
02-21-2025 00:12:07 INFO  [main] Logs:9 - Excel file is opened
02-21-2025 00:12:07 INFO  [main] Logs:9 - returning excle data
02-21-2025 00:12:07 INFO  [main] Logs:9 - user name is --Rubal  Password is --Ahmed
02-21-2025 00:12:07 INFO  [main] Logs:9 - --Home header is verified--
02-21-2025 00:12:07 INFO  [main] Logs:9 - --Home header is verified--
02-21-2025 00:18:52 DEBUG [main] PackageRelationshipCollection:307 - Parsing relationship: /xl/_rels/workbook.xml.rels
02-21-2025 00:18:52 DEBUG [main] PackageRelationshipCollection:307 - Parsing relationship: /xl/worksheets/_rels/sheet1.xml.rels
02-21-2025 00:18:52 DEBUG [main] PackageRelationshipCollection:307 - Parsing relationship: /_rels/.rels
02-21-2025 00:18:52 DEBUG [main] POIXMLFactory:65 - using default POIXMLDocumentPart for http://schemas.openxmlformats.org/officeDocument/2006/relationships/printerSettings
02-21-2025 00:18:53 INFO  [main] Logs:9 - Excel file is opened
02-21-2025 00:18:53 INFO  [main] Logs:9 - returning excle data
02-21-2025 00:18:53 INFO  [main] Logs:9 - user name is --Rubal  Password is --Ahmed
02-21-2025 00:18:53 INFO  [main] Logs:9 - --Home header is verified--
02-21-2025 00:18:53 INFO  [main] Logs:9 - --Home header is verified--
02-21-2025 00:22:45 INFO  [main] Logs:9 - --Home header is verified--
02-21-2025 00:22:45 INFO  [main] Logs:9 - --Home header is verified--
02-21-2025 00:46:46 INFO  [main] Logs:9 - --Home header is verified--
02-21-2025 00:46:46 INFO  [main] Logs:9 - --Home header is verified--
02-24-2025 23:31:50 DEBUG [main] PackageRelationshipCollection:307 - Parsing relationship: /xl/_rels/workbook.xml.rels
02-24-2025 23:31:50 DEBUG [main] PackageRelationshipCollection:307 - Parsing relationship: /xl/worksheets/_rels/sheet1.xml.rels
02-24-2025 23:31:50 DEBUG [main] PackageRelationshipCollection:307 - Parsing relationship: /_rels/.rels
02-24-2025 23:31:50 DEBUG [main] POIXMLFactory:65 - using default POIXMLDocumentPart for http://schemas.openxmlformats.org/officeDocument/2006/relationships/printerSettings
02-24-2025 23:31:50 INFO  [main] Logs:9 - Excel file is opened
02-24-2025 23:31:51 INFO  [main] Logs:9 - returning excle data
02-24-2025 23:31:51 INFO  [main] Logs:9 - user name is --Rubal  Password is --Ahmed
02-24-2025 23:31:51 INFO  [main] Logs:9 - --Home header is verified--
02-24-2025 23:31:51 INFO  [main] Logs:9 - Member Login is verified : 
02-24-2025 23:32:44 INFO  [main] Logs:9 - Now we redirect to a new WebPage
02-24-2025 23:40:30 DEBUG [main] PackageRelationshipCollection:307 - Parsing relationship: /xl/_rels/workbook.xml.rels
02-24-2025 23:40:30 DEBUG [main] PackageRelationshipCollection:307 - Parsing relationship: /xl/worksheets/_rels/sheet1.xml.rels
02-24-2025 23:40:30 DEBUG [main] PackageRelationshipCollection:307 - Parsing relationship: /_rels/.rels
02-24-2025 23:40:31 DEBUG [main] POIXMLFactory:65 - using default POIXMLDocumentPart for http://schemas.openxmlformats.org/officeDocument/2006/relationships/printerSettings
02-24-2025 23:40:31 INFO  [main] Logs:9 - Excel file is opened
02-24-2025 23:40:31 INFO  [main] Logs:9 - returning excle data
02-24-2025 23:40:31 INFO  [main] Logs:9 - user name is --Rubal  Password is --Ahmed
02-24-2025 23:40:31 INFO  [main] Logs:9 - --Home header is verified--
02-24-2025 23:40:31 INFO  [main] Logs:9 - Member Login is verified : 
02-24-2025 23:40:35 INFO  [main] Logs:9 - Now we redirect to a new WebPage
02-24-2025 23:43:09 DEBUG [main] PackageRelationshipCollection:307 - Parsing relationship: /xl/_rels/workbook.xml.rels
02-24-2025 23:43:09 DEBUG [main] PackageRelationshipCollection:307 - Parsing relationship: /xl/worksheets/_rels/sheet1.xml.rels
02-24-2025 23:43:09 DEBUG [main] PackageRelationshipCollection:307 - Parsing relationship: /_rels/.rels
02-24-2025 23:43:10 DEBUG [main] POIXMLFactory:65 - using default POIXMLDocumentPart for http://schemas.openxmlformats.org/officeDocument/2006/relationships/printerSettings
02-24-2025 23:43:10 INFO  [main] Logs:9 - Excel file is opened
02-24-2025 23:43:10 INFO  [main] Logs:9 - returning excle data
02-24-2025 23:43:10 INFO  [main] Logs:9 - user name is --Rubal  Password is --Ahmed
02-24-2025 23:43:10 INFO  [main] Logs:9 - --Home header is verified--
02-24-2025 23:43:10 INFO  [main] Logs:9 - Member Login is verified : 
02-24-2025 23:43:13 INFO  [main] Logs:9 - Now we redirect to a new WebPage
02-24-2025 23:44:24 DEBUG [main] PackageRelationshipCollection:307 - Parsing relationship: /xl/_rels/workbook.xml.rels
02-24-2025 23:44:24 DEBUG [main] PackageRelationshipCollection:307 - Parsing relationship: /xl/worksheets/_rels/sheet1.xml.rels
02-24-2025 23:44:24 DEBUG [main] PackageRelationshipCollection:307 - Parsing relationship: /_rels/.rels
02-24-2025 23:44:24 DEBUG [main] POIXMLFactory:65 - using default POIXMLDocumentPart for http://schemas.openxmlformats.org/officeDocument/2006/relationships/printerSettings
02-24-2025 23:44:25 INFO  [main] Logs:9 - Excel file is opened
02-24-2025 23:44:25 INFO  [main] Logs:9 - returning excle data
02-24-2025 23:44:25 INFO  [main] Logs:9 - user name is --Rubal  Password is --Ahmed
02-24-2025 23:44:25 INFO  [main] Logs:9 - --Home header is verified--
02-24-2025 23:44:25 INFO  [main] Logs:9 - Member Login is verified : 
02-24-2025 23:44:27 INFO  [main] Logs:9 - Now we redirect to a new WebPage
02-24-2025 23:46:13 DEBUG [main] PackageRelationshipCollection:307 - Parsing relationship: /xl/_rels/workbook.xml.rels
02-24-2025 23:46:13 DEBUG [main] PackageRelationshipCollection:307 - Parsing relationship: /xl/worksheets/_rels/sheet1.xml.rels
02-24-2025 23:46:13 DEBUG [main] PackageRelationshipCollection:307 - Parsing relationship: /_rels/.rels
02-24-2025 23:46:13 DEBUG [main] POIXMLFactory:65 - using default POIXMLDocumentPart for http://schemas.openxmlformats.org/officeDocument/2006/relationships/printerSettings
02-24-2025 23:46:14 INFO  [main] Logs:9 - Excel file is opened
02-24-2025 23:46:14 INFO  [main] Logs:9 - returning excle data
02-24-2025 23:46:14 INFO  [main] Logs:9 - user name is --Rubal  Password is --Ahmed
02-24-2025 23:46:14 INFO  [main] Logs:9 - --Home header is verified--
02-24-2025 23:46:14 INFO  [main] Logs:9 - Member Login is verified : 
02-24-2025 23:46:17 INFO  [main] Logs:9 - Now we redirect to a new WebPage
02-24-2025 23:47:24 DEBUG [main] PackageRelationshipCollection:307 - Parsing relationship: /xl/_rels/workbook.xml.rels
02-24-2025 23:47:25 DEBUG [main] PackageRelationshipCollection:307 - Parsing relationship: /xl/worksheets/_rels/sheet1.xml.rels
02-24-2025 23:47:25 DEBUG [main] PackageRelationshipCollection:307 - Parsing relationship: /_rels/.rels
02-24-2025 23:47:25 DEBUG [main] POIXMLFactory:65 - using default POIXMLDocumentPart for http://schemas.openxmlformats.org/officeDocument/2006/relationships/printerSettings
02-24-2025 23:47:25 INFO  [main] Logs:9 - Excel file is opened
02-24-2025 23:47:25 INFO  [main] Logs:9 - returning excle data
02-24-2025 23:47:25 INFO  [main] Logs:9 - user name is --Rubal  Password is --Ahmed
02-24-2025 23:47:25 INFO  [main] Logs:9 - --Home header is verified--
02-24-2025 23:47:25 INFO  [main] Logs:9 - Member Login is verified : 
02-24-2025 23:47:28 INFO  [main] Logs:9 - Now we redirect to a new WebPage
02-24-2025 23:48:36 DEBUG [main] PackageRelationshipCollection:307 - Parsing relationship: /xl/_rels/workbook.xml.rels
02-24-2025 23:48:36 DEBUG [main] PackageRelationshipCollection:307 - Parsing relationship: /xl/worksheets/_rels/sheet1.xml.rels
02-24-2025 23:48:36 DEBUG [main] PackageRelationshipCollection:307 - Parsing relationship: /_rels/.rels
02-24-2025 23:48:37 DEBUG [main] POIXMLFactory:65 - using default POIXMLDocumentPart for http://schemas.openxmlformats.org/officeDocument/2006/relationships/printerSettings
02-24-2025 23:48:37 INFO  [main] Logs:9 - Excel file is opened
02-24-2025 23:48:37 INFO  [main] Logs:9 - returning excle data
02-24-2025 23:48:38 INFO  [main] Logs:9 - user name is --Rubal  Password is --Ahmed
02-24-2025 23:48:38 INFO  [main] Logs:9 - --Home header is verified--
02-24-2025 23:48:38 INFO  [main] Logs:9 - Member Login is verified : 
02-24-2025 23:48:40 INFO  [main] Logs:9 - Now we redirect to a new WebPage
02-24-2025 23:51:04 DEBUG [main] PackageRelationshipCollection:307 - Parsing relationship: /xl/_rels/workbook.xml.rels
02-24-2025 23:51:04 DEBUG [main] PackageRelationshipCollection:307 - Parsing relationship: /xl/worksheets/_rels/sheet1.xml.rels
02-24-2025 23:51:04 DEBUG [main] PackageRelationshipCollection:307 - Parsing relationship: /_rels/.rels
02-24-2025 23:51:04 DEBUG [main] POIXMLFactory:65 - using default POIXMLDocumentPart for http://schemas.openxmlformats.org/officeDocument/2006/relationships/printerSettings
02-24-2025 23:51:04 INFO  [main] Logs:9 - Excel file is opened
02-24-2025 23:51:04 INFO  [main] Logs:9 - returning excle data
02-24-2025 23:51:05 INFO  [main] Logs:9 - user name is --Rubal  Password is --Ahmed
02-24-2025 23:51:05 INFO  [main] Logs:9 - --Home header is verified--
02-24-2025 23:51:05 INFO  [main] Logs:9 - Member Login is verified : 
02-24-2025 23:51:08 INFO  [main] Logs:9 - Now we redirect to a new WebPage
02-24-2025 23:54:01 DEBUG [main] PackageRelationshipCollection:307 - Parsing relationship: /xl/_rels/workbook.xml.rels
02-24-2025 23:54:01 DEBUG [main] PackageRelationshipCollection:307 - Parsing relationship: /xl/worksheets/_rels/sheet1.xml.rels
02-24-2025 23:54:01 DEBUG [main] PackageRelationshipCollection:307 - Parsing relationship: /_rels/.rels
02-24-2025 23:54:01 DEBUG [main] POIXMLFactory:65 - using default POIXMLDocumentPart for http://schemas.openxmlformats.org/officeDocument/2006/relationships/printerSettings
02-24-2025 23:54:01 INFO  [main] Logs:9 - Excel file is opened
02-24-2025 23:54:01 INFO  [main] Logs:9 - returning excle data
02-24-2025 23:54:02 INFO  [main] Logs:9 - user name is --Rubal  Password is --Ahmed
02-24-2025 23:54:02 INFO  [main] Logs:9 - --Home header is verified--
02-24-2025 23:54:02 INFO  [main] Logs:9 - Member Login is verified : 
02-24-2025 23:54:05 INFO  [main] Logs:9 - Now we redirect to a new WebPage
02-24-2025 23:56:23 DEBUG [main] PackageRelationshipCollection:307 - Parsing relationship: /xl/_rels/workbook.xml.rels
02-24-2025 23:56:23 DEBUG [main] PackageRelationshipCollection:307 - Parsing relationship: /xl/worksheets/_rels/sheet1.xml.rels
02-24-2025 23:56:23 DEBUG [main] PackageRelationshipCollection:307 - Parsing relationship: /_rels/.rels
02-24-2025 23:56:23 DEBUG [main] POIXMLFactory:65 - using default POIXMLDocumentPart for http://schemas.openxmlformats.org/officeDocument/2006/relationships/printerSettings
02-24-2025 23:56:23 INFO  [main] Logs:9 - Excel file is opened
02-24-2025 23:56:23 INFO  [main] Logs:9 - returning excle data
02-24-2025 23:56:24 INFO  [main] Logs:9 - user name is --Rubal  Password is --Ahmed
02-24-2025 23:56:24 INFO  [main] Logs:9 - --Home header is verified--
02-24-2025 23:56:24 INFO  [main] Logs:9 - Member Login is verified : 
02-24-2025 23:56:28 INFO  [main] Logs:9 - Now we redirect to a new WebPage
02-25-2025 00:13:57 DEBUG [main] PackageRelationshipCollection:307 - Parsing relationship: /xl/_rels/workbook.xml.rels
02-25-2025 00:13:57 DEBUG [main] PackageRelationshipCollection:307 - Parsing relationship: /xl/worksheets/_rels/sheet1.xml.rels
02-25-2025 00:13:57 DEBUG [main] PackageRelationshipCollection:307 - Parsing relationship: /_rels/.rels
02-25-2025 00:13:58 DEBUG [main] POIXMLFactory:65 - using default POIXMLDocumentPart for http://schemas.openxmlformats.org/officeDocument/2006/relationships/printerSettings
02-25-2025 00:13:58 INFO  [main] Logs:9 - Excel file is opened
02-25-2025 00:13:58 INFO  [main] Logs:9 - returning excle data
02-25-2025 00:13:58 INFO  [main] Logs:9 - user name is --Rubal  Password is --Ahmed
02-25-2025 00:13:58 INFO  [main] Logs:9 - --Home header is verified--
02-25-2025 00:13:58 INFO  [main] Logs:9 - Member Login is verified : 
02-25-2025 00:14:22 INFO  [main] Logs:9 - Now we redirect to a new WebPage
02-25-2025 00:18:42 DEBUG [main] PackageRelationshipCollection:307 - Parsing relationship: /xl/_rels/workbook.xml.rels
02-25-2025 00:18:42 DEBUG [main] PackageRelationshipCollection:307 - Parsing relationship: /xl/worksheets/_rels/sheet1.xml.rels
02-25-2025 00:18:42 DEBUG [main] PackageRelationshipCollection:307 - Parsing relationship: /_rels/.rels
02-25-2025 00:18:43 DEBUG [main] POIXMLFactory:65 - using default POIXMLDocumentPart for http://schemas.openxmlformats.org/officeDocument/2006/relationships/printerSettings
02-25-2025 00:18:43 INFO  [main] Logs:9 - Excel file is opened
02-25-2025 00:18:43 INFO  [main] Logs:9 - returning excle data
02-25-2025 00:18:43 INFO  [main] Logs:9 - user name is --Rubal  Password is --Ahmed
02-25-2025 00:18:43 INFO  [main] Logs:9 - --Home header is verified--
02-25-2025 00:18:43 INFO  [main] Logs:9 - Member Login is verified : 
02-25-2025 00:18:48 INFO  [main] Logs:9 - Now we redirect to a new WebPage
02-25-2025 00:22:10 DEBUG [main] PackageRelationshipCollection:307 - Parsing relationship: /xl/_rels/workbook.xml.rels
02-25-2025 00:22:10 DEBUG [main] PackageRelationshipCollection:307 - Parsing relationship: /xl/worksheets/_rels/sheet1.xml.rels
02-25-2025 00:22:10 DEBUG [main] PackageRelationshipCollection:307 - Parsing relationship: /_rels/.rels
02-25-2025 00:22:10 DEBUG [main] POIXMLFactory:65 - using default POIXMLDocumentPart for http://schemas.openxmlformats.org/officeDocument/2006/relationships/printerSettings
02-25-2025 00:22:10 INFO  [main] Logs:9 - Excel file is opened
02-25-2025 00:22:10 INFO  [main] Logs:9 - returning excle data
02-25-2025 00:22:11 INFO  [main] Logs:9 - user name is --Rubal  Password is --Ahmed
02-25-2025 00:22:11 INFO  [main] Logs:9 - --Home header is verified--
02-25-2025 00:22:11 INFO  [main] Logs:9 - Member Login is verified : 
02-25-2025 00:22:14 INFO  [main] Logs:9 - Now we redirect to a new WebPage
02-25-2025 00:32:25 DEBUG [main] PackageRelationshipCollection:307 - Parsing relationship: /xl/_rels/workbook.xml.rels
02-25-2025 00:32:25 DEBUG [main] PackageRelationshipCollection:307 - Parsing relationship: /xl/worksheets/_rels/sheet1.xml.rels
02-25-2025 00:32:25 DEBUG [main] PackageRelationshipCollection:307 - Parsing relationship: /_rels/.rels
02-25-2025 00:32:25 DEBUG [main] POIXMLFactory:65 - using default POIXMLDocumentPart for http://schemas.openxmlformats.org/officeDocument/2006/relationships/printerSettings
02-25-2025 00:32:25 INFO  [main] Logs:9 - Excel file is opened
02-25-2025 00:32:25 INFO  [main] Logs:9 - returning excle data
02-25-2025 00:32:26 INFO  [main] Logs:9 - user name is --Rubal  Password is --Ahmed
02-25-2025 00:32:26 INFO  [main] Logs:9 - --Home header is verified--
02-25-2025 00:32:26 INFO  [main] Logs:9 - Member Login is verified : 
02-25-2025 00:32:28 INFO  [main] Logs:9 - Now we redirect to a new WebPage
02-25-2025 00:33:58 DEBUG [main] PackageRelationshipCollection:307 - Parsing relationship: /xl/_rels/workbook.xml.rels
02-25-2025 00:33:58 DEBUG [main] PackageRelationshipCollection:307 - Parsing relationship: /xl/worksheets/_rels/sheet1.xml.rels
02-25-2025 00:33:58 DEBUG [main] PackageRelationshipCollection:307 - Parsing relationship: /_rels/.rels
02-25-2025 00:33:58 DEBUG [main] POIXMLFactory:65 - using default POIXMLDocumentPart for http://schemas.openxmlformats.org/officeDocument/2006/relationships/printerSettings
02-25-2025 00:33:58 INFO  [main] Logs:9 - Excel file is opened
02-25-2025 00:33:58 INFO  [main] Logs:9 - returning excle data
02-25-2025 00:33:58 INFO  [main] Logs:9 - user name is --Rubal  Password is --Ahmed
02-25-2025 00:33:58 INFO  [main] Logs:9 - --Home header is verified--
02-25-2025 00:33:58 INFO  [main] Logs:9 - Member Login is verified : 
02-25-2025 00:34:01 INFO  [main] Logs:9 - Now we redirect to a new WebPage
02-25-2025 00:40:45 DEBUG [main] PackageRelationshipCollection:307 - Parsing relationship: /xl/_rels/workbook.xml.rels
02-25-2025 00:40:45 DEBUG [main] PackageRelationshipCollection:307 - Parsing relationship: /xl/worksheets/_rels/sheet1.xml.rels
02-25-2025 00:40:45 DEBUG [main] PackageRelationshipCollection:307 - Parsing relationship: /_rels/.rels
02-25-2025 00:40:46 DEBUG [main] POIXMLFactory:65 - using default POIXMLDocumentPart for http://schemas.openxmlformats.org/officeDocument/2006/relationships/printerSettings
02-25-2025 00:40:46 INFO  [main] Logs:9 - Excel file is opened
02-25-2025 00:40:46 INFO  [main] Logs:9 - returning excle data
02-25-2025 00:40:46 INFO  [main] Logs:9 - user name is --Rubal  Password is --Ahmed
02-25-2025 00:40:46 INFO  [main] Logs:9 - --Home header is verified--
02-25-2025 00:40:47 INFO  [main] Logs:9 - Member Login is verified : 
02-25-2025 00:40:50 INFO  [main] Logs:9 - Now we redirect to a new WebPage
02-25-2025 00:40:50 INFO  [main] Logs:9 - Join Us Header is present 
02-25-2025 00:46:15 DEBUG [main] PackageRelationshipCollection:307 - Parsing relationship: /xl/_rels/workbook.xml.rels
02-25-2025 00:46:15 DEBUG [main] PackageRelationshipCollection:307 - Parsing relationship: /xl/worksheets/_rels/sheet1.xml.rels
02-25-2025 00:46:15 DEBUG [main] PackageRelationshipCollection:307 - Parsing relationship: /_rels/.rels
02-25-2025 00:46:15 DEBUG [main] POIXMLFactory:65 - using default POIXMLDocumentPart for http://schemas.openxmlformats.org/officeDocument/2006/relationships/printerSettings
02-25-2025 00:46:16 INFO  [main] Logs:9 - Excel file is opened
02-25-2025 00:46:16 INFO  [main] Logs:9 - returning excle data
02-25-2025 00:46:16 INFO  [main] Logs:9 - user name is --Rubal  Password is --Ahmed
02-25-2025 00:46:16 INFO  [main] Logs:9 - --Home header is verified--
02-25-2025 00:46:16 INFO  [main] Logs:9 - Member Login is verified : 
02-25-2025 00:46:18 INFO  [main] Logs:9 - Now we redirect to a new WebPage
02-25-2025 00:46:18 INFO  [main] Logs:9 - Join Us Header is present 
02-25-2025 00:47:43 DEBUG [main] PackageRelationshipCollection:307 - Parsing relationship: /xl/_rels/workbook.xml.rels
02-25-2025 00:47:43 DEBUG [main] PackageRelationshipCollection:307 - Parsing relationship: /xl/worksheets/_rels/sheet1.xml.rels
02-25-2025 00:47:43 DEBUG [main] PackageRelationshipCollection:307 - Parsing relationship: /_rels/.rels
02-25-2025 00:47:43 DEBUG [main] POIXMLFactory:65 - using default POIXMLDocumentPart for http://schemas.openxmlformats.org/officeDocument/2006/relationships/printerSettings
02-25-2025 00:47:43 INFO  [main] Logs:9 - Excel file is opened
02-25-2025 00:47:43 INFO  [main] Logs:9 - returning excle data
02-25-2025 00:47:44 INFO  [main] Logs:9 - user name is --Rubal  Password is --Ahmed
02-25-2025 00:47:44 INFO  [main] Logs:9 - --Home header is verified--
02-25-2025 00:47:44 INFO  [main] Logs:9 - Member Login is verified : 
02-25-2025 00:47:46 INFO  [main] Logs:9 - Now we redirect to a new WebPage
02-25-2025 00:47:46 INFO  [main] Logs:9 - Join Us Header is present 
02-25-2025 00:48:19 DEBUG [main] PackageRelationshipCollection:307 - Parsing relationship: /xl/_rels/workbook.xml.rels
02-25-2025 00:48:19 DEBUG [main] PackageRelationshipCollection:307 - Parsing relationship: /xl/worksheets/_rels/sheet1.xml.rels
02-25-2025 00:48:19 DEBUG [main] PackageRelationshipCollection:307 - Parsing relationship: /_rels/.rels
02-25-2025 00:48:19 DEBUG [main] POIXMLFactory:65 - using default POIXMLDocumentPart for http://schemas.openxmlformats.org/officeDocument/2006/relationships/printerSettings
02-25-2025 00:48:19 INFO  [main] Logs:9 - Excel file is opened
02-25-2025 00:48:19 INFO  [main] Logs:9 - returning excle data
02-25-2025 00:48:20 INFO  [main] Logs:9 - user name is --Rubal  Password is --Ahmed
02-25-2025 00:48:20 INFO  [main] Logs:9 - --Home header is verified--
02-25-2025 00:48:20 INFO  [main] Logs:9 - Member Login is verified : 
02-25-2025 00:48:22 INFO  [main] Logs:9 - Now we redirect to a new WebPage
02-25-2025 00:48:22 INFO  [main] Logs:9 - Join Us Header is present 
02-25-2025 00:55:38 DEBUG [main] PackageRelationshipCollection:307 - Parsing relationship: /xl/_rels/workbook.xml.rels
02-25-2025 00:55:38 DEBUG [main] PackageRelationshipCollection:307 - Parsing relationship: /xl/worksheets/_rels/sheet1.xml.rels
02-25-2025 00:55:38 DEBUG [main] PackageRelationshipCollection:307 - Parsing relationship: /_rels/.rels
02-25-2025 00:55:39 DEBUG [main] POIXMLFactory:65 - using default POIXMLDocumentPart for http://schemas.openxmlformats.org/officeDocument/2006/relationships/printerSettings
02-25-2025 00:55:39 INFO  [main] Logs:9 - Excel file is opened
02-25-2025 00:55:39 INFO  [main] Logs:9 - returning excle data
02-25-2025 00:55:39 INFO  [main] Logs:9 - user name is --Rubal  Password is --Ahmed
02-25-2025 00:55:39 INFO  [main] Logs:9 - --Home header is verified--
02-25-2025 00:55:39 INFO  [main] Logs:9 - Member Login is verified : 
02-25-2025 00:55:44 INFO  [main] Logs:9 - Now we redirect to a new WebPage
02-25-2025 00:55:44 INFO  [main] Logs:9 - Join Us Header is present 
02-25-2025 01:04:37 DEBUG [main] PackageRelationshipCollection:307 - Parsing relationship: /xl/_rels/workbook.xml.rels
02-25-2025 01:04:37 DEBUG [main] PackageRelationshipCollection:307 - Parsing relationship: /xl/worksheets/_rels/sheet1.xml.rels
02-25-2025 01:04:37 DEBUG [main] PackageRelationshipCollection:307 - Parsing relationship: /_rels/.rels
02-25-2025 01:04:38 DEBUG [main] POIXMLFactory:65 - using default POIXMLDocumentPart for http://schemas.openxmlformats.org/officeDocument/2006/relationships/printerSettings
02-25-2025 01:04:38 INFO  [main] Logs:9 - Excel file is opened
02-25-2025 01:04:38 INFO  [main] Logs:9 - returning excle data
02-25-2025 01:04:38 INFO  [main] Logs:9 - user name is --Rubal  Password is --Ahmed
02-25-2025 01:04:38 INFO  [main] Logs:9 - --Home header is verified--
02-25-2025 01:04:38 INFO  [main] Logs:9 - Member Login is verified : 
02-25-2025 01:04:41 INFO  [main] Logs:9 - Now we redirect to a new WebPage
02-25-2025 01:04:41 INFO  [main] Logs:9 - Join Us Header is present 
02-25-2025 01:06:29 DEBUG [main] PackageRelationshipCollection:307 - Parsing relationship: /xl/_rels/workbook.xml.rels
02-25-2025 01:06:29 DEBUG [main] PackageRelationshipCollection:307 - Parsing relationship: /xl/worksheets/_rels/sheet1.xml.rels
02-25-2025 01:06:29 DEBUG [main] PackageRelationshipCollection:307 - Parsing relationship: /_rels/.rels
02-25-2025 01:06:29 DEBUG [main] POIXMLFactory:65 - using default POIXMLDocumentPart for http://schemas.openxmlformats.org/officeDocument/2006/relationships/printerSettings
02-25-2025 01:06:30 INFO  [main] Logs:9 - Excel file is opened
02-25-2025 01:06:30 INFO  [main] Logs:9 - returning excle data
02-25-2025 01:06:30 INFO  [main] Logs:9 - user name is --Rubal  Password is --Ahmed
02-25-2025 01:06:30 INFO  [main] Logs:9 - --Home header is verified--
02-25-2025 01:06:30 INFO  [main] Logs:9 - Member Login is verified : 
02-25-2025 01:06:37 INFO  [main] Logs:9 - Now we redirect to a new WebPage
02-25-2025 01:06:37 INFO  [main] Logs:9 - Join Us Header is present 
02-25-2025 01:09:22 DEBUG [main] PackageRelationshipCollection:307 - Parsing relationship: /xl/_rels/workbook.xml.rels
02-25-2025 01:09:22 DEBUG [main] PackageRelationshipCollection:307 - Parsing relationship: /xl/worksheets/_rels/sheet1.xml.rels
02-25-2025 01:09:22 DEBUG [main] PackageRelationshipCollection:307 - Parsing relationship: /_rels/.rels
02-25-2025 01:09:22 DEBUG [main] POIXMLFactory:65 - using default POIXMLDocumentPart for http://schemas.openxmlformats.org/officeDocument/2006/relationships/printerSettings
02-25-2025 01:09:22 INFO  [main] Logs:9 - Excel file is opened
02-25-2025 01:09:22 INFO  [main] Logs:9 - returning excle data
02-25-2025 01:09:22 INFO  [main] Logs:9 - user name is --Rubal  Password is --Ahmed
02-25-2025 01:09:22 INFO  [main] Logs:9 - --Home header is verified--
02-25-2025 01:09:22 INFO  [main] Logs:9 - Member Login is verified : 
02-25-2025 01:09:25 INFO  [main] Logs:9 - Now we redirect to a new WebPage
02-25-2025 01:09:25 INFO  [main] Logs:9 - Join Us Header is present 
02-25-2025 01:10:18 DEBUG [main] PackageRelationshipCollection:307 - Parsing relationship: /xl/_rels/workbook.xml.rels
02-25-2025 01:10:18 DEBUG [main] PackageRelationshipCollection:307 - Parsing relationship: /xl/worksheets/_rels/sheet1.xml.rels
02-25-2025 01:10:18 DEBUG [main] PackageRelationshipCollection:307 - Parsing relationship: /_rels/.rels
02-25-2025 01:10:18 DEBUG [main] POIXMLFactory:65 - using default POIXMLDocumentPart for http://schemas.openxmlformats.org/officeDocument/2006/relationships/printerSettings
02-25-2025 01:10:18 INFO  [main] Logs:9 - Excel file is opened
02-25-2025 01:10:18 INFO  [main] Logs:9 - returning excle data
02-25-2025 01:10:18 INFO  [main] Logs:9 - user name is --Rubal  Password is --Ahmed
02-25-2025 01:10:18 INFO  [main] Logs:9 - --Home header is verified--
02-25-2025 01:10:18 INFO  [main] Logs:9 - Member Login is verified : 
02-25-2025 01:10:34 INFO  [main] Logs:9 - Now we redirect to a new WebPage
02-25-2025 01:12:19 DEBUG [main] PackageRelationshipCollection:307 - Parsing relationship: /xl/_rels/workbook.xml.rels
02-25-2025 01:12:19 DEBUG [main] PackageRelationshipCollection:307 - Parsing relationship: /xl/worksheets/_rels/sheet1.xml.rels
02-25-2025 01:12:19 DEBUG [main] PackageRelationshipCollection:307 - Parsing relationship: /_rels/.rels
02-25-2025 01:12:20 DEBUG [main] POIXMLFactory:65 - using default POIXMLDocumentPart for http://schemas.openxmlformats.org/officeDocument/2006/relationships/printerSettings
02-25-2025 01:12:20 INFO  [main] Logs:9 - Excel file is opened
02-25-2025 01:12:20 INFO  [main] Logs:9 - returning excle data
02-25-2025 01:12:20 INFO  [main] Logs:9 - user name is --Rubal  Password is --Ahmed
02-25-2025 01:12:20 INFO  [main] Logs:9 - --Home header is verified--
02-25-2025 01:12:20 INFO  [main] Logs:9 - Member Login is verified : 
02-25-2025 01:12:23 INFO  [main] Logs:9 - Now we redirect to a new WebPage
02-25-2025 01:12:23 INFO  [main] Logs:9 - Join Us Header is present 
02-25-2025 01:13:50 DEBUG [main] PackageRelationshipCollection:307 - Parsing relationship: /xl/_rels/workbook.xml.rels
02-25-2025 01:13:50 DEBUG [main] PackageRelationshipCollection:307 - Parsing relationship: /xl/worksheets/_rels/sheet1.xml.rels
02-25-2025 01:13:50 DEBUG [main] PackageRelationshipCollection:307 - Parsing relationship: /_rels/.rels
02-25-2025 01:13:51 DEBUG [main] POIXMLFactory:65 - using default POIXMLDocumentPart for http://schemas.openxmlformats.org/officeDocument/2006/relationships/printerSettings
02-25-2025 01:13:51 INFO  [main] Logs:9 - Excel file is opened
02-25-2025 01:13:51 INFO  [main] Logs:9 - returning excle data
02-25-2025 01:13:51 INFO  [main] Logs:9 - user name is --Rubal  Password is --Ahmed
02-25-2025 01:13:51 INFO  [main] Logs:9 - --Home header is verified--
02-25-2025 01:13:51 INFO  [main] Logs:9 - Member Login is verified : 
02-25-2025 01:13:55 INFO  [main] Logs:9 - Now we redirect to a new WebPage
02-25-2025 01:13:55 INFO  [main] Logs:9 - Join Us Header is present 
02-09-2026 19:30:26 DEBUG [main] PackageRelationshipCollection:307 - Parsing relationship: /xl/_rels/workbook.xml.rels
02-09-2026 19:30:26 DEBUG [main] PackageRelationshipCollection:307 - Parsing relationship: /xl/worksheets/_rels/sheet1.xml.rels
02-09-2026 19:30:26 DEBUG [main] PackageRelationshipCollection:307 - Parsing relationship: /_rels/.rels
02-09-2026 19:30:27 DEBUG [main] POIXMLFactory:65 - using default POIXMLDocumentPart for http://schemas.openxmlformats.org/officeDocument/2006/relationships/printerSettings
02-09-2026 19:30:27 INFO  [main] Logs:9 - Excel file is opened
02-09-2026 19:30:27 INFO  [main] Logs:9 - returning excle data
02-09-2026 19:30:28 INFO  [main] Logs:9 - user name is --Rubal  Password is --Ahmed
02-09-2026 19:30:28 INFO  [main] Logs:9 - --Home header is verified--
02-09-2026 19:30:28 INFO  [main] Logs:9 - Member Login is verified : 
02-09-2026 19:30:30 INFO  [main] Logs:9 - Now we redirect to a new WebPage
02-09-2026 19:30:30 INFO  [main] Logs:9 - Join Us Header is present 
